Logfile initialized
[INFO] logfile = /home/kaique/Documentos/Development/projects/acrySoft/build.log
[DEBUG] /home/kaique/.titanium/mobilesdk/linux/1.7.3/android/builder.py run /home/kaique/Documentos/Development/projects/acrySoft /home/kaique/android-sdk
[INFO] Titanium SDK version: 1.7.3 (10/17/11 13:44 dcf4257)
[DEBUG] Waiting for device to be ready ...
[TRACE] adb devices returned 1 devices/emulators
[DEBUG] Device connected... (waited 0 seconds)
[DEBUG] waited 0.005084 seconds on emulator to get ready
[DEBUG] br.com.test installed? True
[WARN] Fastdev enabled, but server isn't running, deploying normally
[INFO] Copying project resources..
[TRACE] COPYING MODIFIED FILE: /home/kaique/Documentos/Development/projects/acrySoft/Resources/main.js => /home/kaique/Documentos/Development/projects/acrySoft/build/android/bin/assets/Resources/main.js
[TRACE] Generating Java Classes
[DEBUG] Processing Android resource drawables
[DEBUG] copying app icon: /home/kaique/Documentos/Development/projects/acrySoft/build/android/bin/assets/Resources/appicon.png
[DEBUG] generating theme.xml
[DEBUG] found drawable-long-land-hdpi splash screen at /home/kaique/Documentos/Development/projects/acrySoft/Resources/android/images/res-long-land-hdpi/default.png
[DEBUG] copying /home/kaique/Documentos/Development/projects/acrySoft/Resources/android/images/res-long-land-hdpi/default.png splash screen to /home/kaique/Documentos/Development/projects/acrySoft/build/android/res/drawable-long-land-hdpi/background.png
[DEBUG] found drawable-notlong-port-ldpi splash screen at /home/kaique/Documentos/Development/projects/acrySoft/Resources/android/images/res-notlong-port-ldpi/default.png
[DEBUG] copying /home/kaique/Documentos/Development/projects/acrySoft/Resources/android/images/res-notlong-port-ldpi/default.png splash screen to /home/kaique/Documentos/Development/projects/acrySoft/build/android/res/drawable-notlong-port-ldpi/background.png
[DEBUG] found drawable-notlong-land-mdpi splash screen at /home/kaique/Documentos/Development/projects/acrySoft/Resources/android/images/res-notlong-land-mdpi/default.png
[DEBUG] copying /home/kaique/Documentos/Development/projects/acrySoft/Resources/android/images/res-notlong-land-mdpi/default.png splash screen to /home/kaique/Documentos/Development/projects/acrySoft/build/android/res/drawable-notlong-land-mdpi/background.png
[DEBUG] found drawable-notlong-port-hdpi splash screen at /home/kaique/Documentos/Development/projects/acrySoft/Resources/android/images/res-notlong-port-hdpi/default.png
[DEBUG] copying /home/kaique/Documentos/Development/projects/acrySoft/Resources/android/images/res-notlong-port-hdpi/default.png splash screen to /home/kaique/Documentos/Development/projects/acrySoft/build/android/res/drawable-notlong-port-hdpi/background.png
[DEBUG] found drawable-notlong-port-mdpi splash screen at /home/kaique/Documentos/Development/projects/acrySoft/Resources/android/images/res-notlong-port-mdpi/default.png
[DEBUG] copying /home/kaique/Documentos/Development/projects/acrySoft/Resources/android/images/res-notlong-port-mdpi/default.png splash screen to /home/kaique/Documentos/Development/projects/acrySoft/build/android/res/drawable-notlong-port-mdpi/background.png
[DEBUG] found drawable-notlong-land-hdpi splash screen at /home/kaique/Documentos/Development/projects/acrySoft/Resources/android/images/res-notlong-land-hdpi/default.png
[DEBUG] copying /home/kaique/Documentos/Development/projects/acrySoft/Resources/android/images/res-notlong-land-hdpi/default.png splash screen to /home/kaique/Documentos/Development/projects/acrySoft/build/android/res/drawable-notlong-land-hdpi/background.png
[DEBUG] found drawable-long-port-ldpi splash screen at /home/kaique/Documentos/Development/projects/acrySoft/Resources/android/images/res-long-port-ldpi/default.png
[DEBUG] copying /home/kaique/Documentos/Development/projects/acrySoft/Resources/android/images/res-long-port-ldpi/default.png splash screen to /home/kaique/Documentos/Development/projects/acrySoft/build/android/res/drawable-long-port-ldpi/background.png
[DEBUG] found drawable-long-land-ldpi splash screen at /home/kaique/Documentos/Development/projects/acrySoft/Resources/android/images/res-long-land-ldpi/default.png
[DEBUG] copying /home/kaique/Documentos/Development/projects/acrySoft/Resources/android/images/res-long-land-ldpi/default.png splash screen to /home/kaique/Documentos/Development/projects/acrySoft/build/android/res/drawable-long-land-ldpi/background.png
[DEBUG] found drawable-long-port-hdpi splash screen at /home/kaique/Documentos/Development/projects/acrySoft/Resources/android/images/res-long-port-hdpi/default.png
[DEBUG] copying /home/kaique/Documentos/Development/projects/acrySoft/Resources/android/images/res-long-port-hdpi/default.png splash screen to /home/kaique/Documentos/Development/projects/acrySoft/build/android/res/drawable-long-port-hdpi/background.png
[DEBUG] found drawable-notlong-land-ldpi splash screen at /home/kaique/Documentos/Development/projects/acrySoft/Resources/android/images/res-notlong-land-ldpi/default.png
[DEBUG] copying /home/kaique/Documentos/Development/projects/acrySoft/Resources/android/images/res-notlong-land-ldpi/default.png splash screen to /home/kaique/Documentos/Development/projects/acrySoft/build/android/res/drawable-notlong-land-ldpi/background.png
[DEBUG] copying default splash screen
[TRACE] Writing out AndroidManifest.xml
[DEBUG] adding /home/kaique/Documentos/Development/projects/acrySoft/build/android/gen/br/com/test/AcrysoftAppInfo.java to javac build list
[DEBUG] adding /home/kaique/Documentos/Development/projects/acrySoft/build/android/gen/br/com/test/AcrysoftActivity.java to javac build list
[DEBUG] adding /home/kaique/Documentos/Development/projects/acrySoft/build/android/gen/br/com/test/R.java to javac build list
[DEBUG] adding /home/kaique/Documentos/Development/projects/acrySoft/build/android/gen/br/com/test/AcrysoftApplication.java to javac build list
[DEBUG] Building Java Sources: "/home/kaique/Documentos/Development/projects/acrySoft/build/android/gen/br/com/test/AcrysoftAppInfo.java" "/home/kaique/Documentos/Development/projects/acrySoft/build/android/gen/br/com/test/AcrysoftActivity.java" "/home/kaique/Documentos/Development/projects/acrySoft/build/android/gen/br/com/test/R.java" "/home/kaique/Documentos/Development/projects/acrySoft/build/android/gen/br/com/test/AcrysoftApplication.java"
[INFO] Waiting for SDCard to become available..
[INFO] Compiling Android Resources... This could take some time
